{"E:\\personal-proy\\ReaderFront2\\packages\\shared\\src\\slugify.ts": {"path":"E:\\personal-proy\\ReaderFront2\\packages\\shared\\src\\slugify.ts","statementMap":{"0":{"start":{"line":7,"column":11},"end":{"line":108,"column":1}},"1":{"start":{"line":109,"column":18},"end":{"line":109,"column":24}},"2":{"start":{"line":110,"column":16},"end":{"line":110,"column":20}},"3":{"start":{"line":111,"column":25},"end":{"line":111,"column":41}},"4":{"start":{"line":112,"column":28},"end":{"line":112,"column":45}},"5":{"start":{"line":113,"column":32},"end":{"line":113,"column":39}},"6":{"start":{"line":115,"column":23},"end":{"line":134,"column":1}},"7":{"start":{"line":116,"column":2},"end":{"line":118,"column":3}},"8":{"start":{"line":117,"column":4},"end":{"line":117,"column":14}},"9":{"start":{"line":120,"column":17},"end":{"line":120,"column":21}},"10":{"start":{"line":122,"column":2},"end":{"line":124,"column":5}},"11":{"start":{"line":123,"column":4},"end":{"line":123,"column":68}},"12":{"start":{"line":125,"column":2},"end":{"line":133,"column":24}}},"fnMap":{"0":{"name":"(anonymous_0)","decl":{"start":{"line":115,"column":23},"end":{"line":115,"column":24}},"loc":{"start":{"line":115,"column":63},"end":{"line":134,"column":1}},"line":115},"1":{"name":"(anonymous_1)","decl":{"start":{"line":122,"column":15},"end":{"line":122,"column":16}},"loc":{"start":{"line":122,"column":30},"end":{"line":124,"column":3}},"line":122}},"branchMap":{"0":{"loc":{"start":{"line":115,"column":38},"end":{"line":115,"column":58}},"type":"default-arg","locations":[{"start":{"line":115,"column":53},"end":{"line":115,"column":58}}],"line":115},"1":{"loc":{"start":{"line":116,"column":2},"end":{"line":118,"column":3}},"type":"if","locations":[{"start":{"line":116,"column":2},"end":{"line":118,"column":3}},{"start":{"line":116,"column":2},"end":{"line":118,"column":3}}],"line":116},"2":{"loc":{"start":{"line":116,"column":6},"end":{"line":116,"column":41}},"type":"binary-expr","locations":[{"start":{"line":116,"column":6},"end":{"line":116,"column":19}},{"start":{"line":116,"column":23},"end":{"line":116,"column":41}}],"line":116},"3":{"loc":{"start":{"line":130,"column":13},"end":{"line":130,"column":70}},"type":"cond-expr","locations":[{"start":{"line":130,"column":28},"end":{"line":130,"column":49}},{"start":{"line":130,"column":52},"end":{"line":130,"column":70}}],"line":130}},"s":{"0":1,"1":1,"2":1,"3":1,"4":1,"5":1,"6":1,"7":3,"8":1,"9":2,"10":2,"11":50,"12":2},"f":{"0":3,"1":50},"b":{"0":[2],"1":[1,2],"2":[3,2],"3":[1,1]},"_coverageSchema":"1a1c01bbd47fc00a2c39e90264f33305004495a9","hash":"47c66c7c4c1a711d1ac61a1886eb156beb673fce"}
}
